<?xml version="1.0" encoding="UTF-8"?>
<!-- Generated by org.testng.reporters.JUnitReportReporter -->
<testsuite hostname="sys" name="day32.ScreenshotOnGrid" tests="1" failures="0" timestamp="4 Apr 2015 04:10:59 GMT" time="13.305" errors="0">
  <testcase name="screenshotTest" time="13.305" classname="day32.ScreenshotOnGrid"/>
</testsuite> <!-- day32.ScreenshotOnGrid -->
