<?xml version="1.0" encoding="UTF-8"?>
<!-- Generated by org.testng.reporters.JUnitReportReporter -->
<testsuite hostname="sys" name="day9.Sample" tests="2" failures="0" timestamp="19 Feb 2015 04:24:42 GMT" time="0.021" errors="0">
  <testcase name="registrationTest" time="0.001" classname="day9.Sample"/>
  <testcase name="loginTest" time="0.020" classname="day9.Sample"/>
</testsuite> <!-- day9.Sample -->
