<?xml version="1.0" encoding="UTF-8"?>
<!-- Generated by org.testng.reporters.JUnitReportReporter -->
<testsuite hostname="sys" name="day10.CreationofXpath" tests="1" failures="0" timestamp="20 Feb 2015 04:45:52 GMT" time="9.720" errors="0">
  <testcase name="xpathTest" time="9.720" classname="day10.CreationofXpath"/>
</testsuite> <!-- day10.CreationofXpath -->
