<?xml version="1.0" encoding="UTF-8"?>
<!-- Generated by org.testng.reporters.JUnitReportReporter -->
<testsuite hostname="sys" name="day30.GamilLogin_Grid" tests="1" failures="0" timestamp="31 Mar 2015 04:35:07 GMT" time="8.761" errors="0">
  <testcase name="loginTest" time="8.761" classname="day30.GamilLogin_Grid"/>
</testsuite> <!-- day30.GamilLogin_Grid -->
