<?xml version="1.0" encoding="UTF-8"?>
<!-- Generated by org.testng.reporters.JUnitReportReporter -->
<testsuite hostname="sys" name="day32.GamilLogin_DataProvider" tests="2" failures="0" timestamp="4 Apr 2015 04:21:00 GMT" time="24.809" errors="0">
  <testcase name="loginTest" time="9.546" classname="day32.GamilLogin_DataProvider"/>
  <testcase name="loginTest" time="15.263" classname="day32.GamilLogin_DataProvider"/>
</testsuite> <!-- day32.GamilLogin_DataProvider -->
