<?xml version="1.0" encoding="UTF-8"?>
<!-- Generated by org.testng.reporters.JUnitReportReporter -->
<testsuite hostname="sys" name="day18.Links" tests="1" failures="0" timestamp="4 Mar 2015 04:46:22 GMT" time="35.177" errors="0">
  <testcase name="linksTest" time="35.177" classname="day18.Links"/>
</testsuite> <!-- day18.Links -->
