<?xml version="1.0" encoding="UTF-8"?>
<!-- Generated by org.testng.reporters.JUnitReportReporter -->
<testsuite hostname="sys" name="day10.Explicitwait_Flunetwait" tests="1" failures="0" timestamp="20 Feb 2015 04:27:48 GMT" time="19.911" errors="0">
  <testcase name="waitTest" time="19.911" classname="day10.Explicitwait_Flunetwait"/>
</testsuite> <!-- day10.Explicitwait_Flunetwait -->
