<?xml version="1.0" encoding="UTF-8"?>
<!-- Generated by org.testng.reporters.JUnitReportReporter -->
<testsuite hostname="sys" name="day11.CheckBoxesTesting1" tests="1" failures="0" timestamp="21 Feb 2015 04:29:12 GMT" time="15.686" errors="0">
  <testcase name="checkBoxesTest" time="15.686" classname="day11.CheckBoxesTesting1"/>
</testsuite> <!-- day11.CheckBoxesTesting1 -->
