<?xml version="1.0" encoding="UTF-8"?>
<!-- Generated by org.testng.reporters.JUnitReportReporter -->
<testsuite hostname="sys" name="day14.CookiesTesting" tests="1" failures="0" timestamp="26 Feb 2015 04:17:31 GMT" time="16.512" errors="0">
  <testcase name="cookiesTest" time="16.512" classname="day14.CookiesTesting"/>
</testsuite> <!-- day14.CookiesTesting -->
