<?xml version="1.0" encoding="UTF-8"?>
<!-- Generated by org.testng.reporters.JUnitReportReporter -->
<testsuite hostname="sys" name="day13.MultipleWindows2" tests="1" failures="0" timestamp="2 Mar 2015 08:29:15 GMT" time="27.888" errors="0">
  <testcase name="multiplewindowtest" time="27.888" classname="day13.MultipleWindows2"/>
</testsuite> <!-- day13.MultipleWindows2 -->
