<?xml version="1.0" encoding="UTF-8"?>
<!-- Generated by org.testng.reporters.JUnitReportReporter -->
<testsuite hostname="sys" name="day20.WebtableExcel" tests="1" failures="0" timestamp="6 Mar 2015 04:50:41 GMT" time="20.053" errors="0">
  <testcase name="webtableTest" time="20.053" classname="day20.WebtableExcel"/>
</testsuite> <!-- day20.WebtableExcel -->
