<?xml version="1.0" encoding="UTF-8"?>
<!-- Generated by org.testng.reporters.JUnitReportReporter -->
<testsuite hostname="sys" name="day14.WebtableTesting1" tests="1" failures="0" timestamp="26 Feb 2015 04:25:22 GMT" time="13.238" errors="0">
  <testcase name="webtableTest" time="13.238" classname="day14.WebtableTesting1"/>
</testsuite> <!-- day14.WebtableTesting1 -->
