<?xml version="1.0" encoding="UTF-8"?>
<!-- Generated by org.testng.reporters.JUnitReportReporter -->
<testsuite hostname="sys" name="day14.Webtabletesting3" tests="1" failures="0" timestamp="26 Feb 2015 04:32:03 GMT" time="24.754" errors="0">
  <testcase name="webtableTest" time="24.754" classname="day14.Webtabletesting3"/>
</testsuite> <!-- day14.Webtabletesting3 -->
