<?xml version="1.0" encoding="UTF-8"?>
<!-- Generated by org.testng.reporters.JUnitReportReporter -->
<testsuite hostname="sys" name="day9.ImplicitWait" tests="1" failures="0" timestamp="20 Feb 2015 04:17:29 GMT" time="23.798" errors="0">
  <testcase name="waitTest" time="23.798" classname="day9.ImplicitWait"/>
</testsuite> <!-- day9.ImplicitWait -->
