<?xml version="1.0" encoding="UTF-8"?>
<!-- Generated by org.testng.reporters.JUnitReportReporter -->
<testsuite hostname="sys" name="day15.WebtableCalander" tests="1" failures="0" timestamp="27 Feb 2015 04:46:37 GMT" time="19.821" errors="0">
  <testcase name="webtableTest" time="19.821" classname="day15.WebtableCalander"/>
</testsuite> <!-- day15.WebtableCalander -->
