<?xml version="1.0" encoding="UTF-8"?>
<!-- Generated by org.testng.reporters.JUnitReportReporter -->
<testsuite hostname="sys" name="day14.WebtableTesting2" tests="1" failures="0" timestamp="26 Feb 2015 04:27:58 GMT" time="11.727" errors="0">
  <testcase name="webtableTest" time="11.727" classname="day14.WebtableTesting2"/>
</testsuite> <!-- day14.WebtableTesting2 -->
