<?xml version="1.0" encoding="UTF-8"?>
<!-- Generated by org.testng.reporters.JUnitReportReporter -->
<testsuite hostname="sys" name="day33.pom.PomNew" tests="1" failures="0" timestamp="15 Apr 2015 14:15:02 GMT" time="36.893" errors="0">
  <testcase name="newTest" time="36.893" classname="day33.pom.PomNew"/>
</testsuite> <!-- day33.pom.PomNew -->
