<?xml version="1.0" encoding="UTF-8"?>
<!-- Generated by org.testng.reporters.JUnitReportReporter -->
<testsuite hostname="sys" name="day31.DatadrivenTestingonGrid" tests="2" failures="0" timestamp="2 Apr 2015 04:38:46 GMT" time="229.360" errors="0">
  <testcase name="dropdownTest" time="122.085" classname="day31.DatadrivenTestingonGrid"/>
  <testcase name="dropdownTest" time="107.275" classname="day31.DatadrivenTestingonGrid"/>
</testsuite> <!-- day31.DatadrivenTestingonGrid -->
