<?xml version="1.0" encoding="UTF-8"?>
<!-- Generated by org.testng.reporters.JUnitReportReporter -->
<testsuite hostname="sys" name="day21.DrodownTesting4" tests="1" failures="0" timestamp="10 Mar 2015 04:17:37 GMT" time="43.296" errors="0">
  <testcase name="dropdownTest" time="43.296" classname="day21.DrodownTesting4"/>
</testsuite> <!-- day21.DrodownTesting4 -->
