<?xml version="1.0" encoding="UTF-8"?>
<!-- Generated by org.testng.reporters.JUnitReportReporter -->
<testsuite hostname="sys" name="day25.Login" tests="1" failures="0" timestamp="19 Mar 2015 04:23:47 GMT" time="17.693" errors="0">
  <testcase name="loginTest" time="17.693" classname="day25.Login"/>
</testsuite> <!-- day25.Login -->
