<?xml version="1.0" encoding="UTF-8"?>
<!-- Generated by org.testng.reporters.JUnitReportReporter -->
<testsuite hostname="sys" name="day31.DropdownOnGrid" tests="2" failures="0" timestamp="2 Apr 2015 04:27:32 GMT" time="145.924" errors="0">
  <testcase name="dropdownTest" time="94.285" classname="day31.DropdownOnGrid"/>
  <testcase name="dropdownTest" time="51.639" classname="day31.DropdownOnGrid"/>
</testsuite> <!-- day31.DropdownOnGrid -->
