<?xml version="1.0" encoding="UTF-8"?>
<!-- Generated by org.testng.reporters.JUnitReportReporter -->
<testsuite hostname="sys" name="day18.Login" tests="1" failures="0" timestamp="4 Mar 2015 04:46:22 GMT" time="1.435" errors="0">
  <testcase name="loginTest" time="1.435" classname="day18.Login"/>
</testsuite> <!-- day18.Login -->
