<?xml version="1.0" encoding="UTF-8"?>
<!-- Generated by org.testng.reporters.JUnitReportReporter -->
<testsuite hostname="sys" name="day12.MultipleWindows" tests="1" failures="0" timestamp="24 Feb 2015 04:50:51 GMT" time="81.170" errors="0">
  <testcase name="multiplewindowtest" time="81.170" classname="day12.MultipleWindows"/>
</testsuite> <!-- day12.MultipleWindows -->
