<?xml version="1.0" encoding="UTF-8"?>
<!-- Generated by org.testng.reporters.JUnitReportReporter -->
<testsuite hostname="sys" name="day11.CheckBoxesTesting2" tests="1" failures="0" timestamp="21 Feb 2015 04:34:06 GMT" time="16.181" errors="0">
  <testcase name="checkBoxesTest" time="16.181" classname="day11.CheckBoxesTesting2"/>
</testsuite> <!-- day11.CheckBoxesTesting2 -->
