<?xml version="1.0" encoding="UTF-8"?>
<!-- Generated by org.testng.reporters.JUnitReportReporter -->
<testsuite hostname="sys" name="day13.ChainActions" tests="1" failures="0" timestamp="25 Feb 2015 04:41:46 GMT" time="19.238" errors="0">
  <testcase name="chainactionsTest" time="19.238" classname="day13.ChainActions"/>
</testsuite> <!-- day13.ChainActions -->
