<?xml version="1.0" encoding="UTF-8"?>
<!-- Generated by org.testng.reporters.JUnitReportReporter -->
<testsuite hostname="sys" name="day13.RightClick" tests="1" failures="0" timestamp="25 Feb 2015 04:51:14 GMT" time="9.372" errors="0">
  <testcase name="rightclickTest" time="9.372" classname="day13.RightClick"/>
</testsuite> <!-- day13.RightClick -->
