<?xml version="1.0" encoding="UTF-8"?>
<!-- Generated by org.testng.reporters.JUnitReportReporter -->
<testsuite hostname="sys" name="day22.DatdrivenTesting2" tests="1" failures="0" timestamp="17 Mar 2015 04:18:30 GMT" time="20.292" errors="0">
  <testcase name="linksTest" time="20.292" classname="day22.DatdrivenTesting2"/>
</testsuite> <!-- day22.DatdrivenTesting2 -->
