<?xml version="1.0" encoding="UTF-8"?>
<!-- Generated by org.testng.reporters.JUnitReportReporter -->
<testsuite hostname="sys" name="day13.DragandDropTest" tests="1" failures="0" timestamp="25 Feb 2015 04:59:53 GMT" time="28.603" errors="0">
  <testcase name="draganddrop" time="28.603" classname="day13.DragandDropTest"/>
</testsuite> <!-- day13.DragandDropTest -->
