<?xml version="1.0" encoding="UTF-8"?>
<!-- Generated by org.testng.reporters.JUnitReportReporter -->
<testsuite hostname="sys" name="day25.Login1" tests="1" failures="0" timestamp="19 Mar 2015 04:50:37 GMT" time="15.540" errors="0">
  <testcase name="loginTest" time="15.540" classname="day25.Login1"/>
</testsuite> <!-- day25.Login1 -->
