<?xml version="1.0" encoding="UTF-8"?>
<!-- Generated by org.testng.reporters.JUnitReportReporter -->
<testsuite hostname="sys" name="day19.Assesment1" tests="1" failures="0" timestamp="5 Mar 2015 04:07:33 GMT" time="15.087" errors="0">
  <testcase name="headlinesTest" time="15.087" classname="day19.Assesment1"/>
</testsuite> <!-- day19.Assesment1 -->
