<?xml version="1.0" encoding="UTF-8"?>
<!-- Generated by org.testng.reporters.JUnitReportReporter -->
<testsuite hostname="sys" name="day33.pom.PomControl1" tests="1" failures="0" timestamp="21 Apr 2015 04:18:14 GMT" time="61.405" errors="0">
  <testcase name="pomControlTest" time="61.405" classname="day33.pom.PomControl1"/>
</testsuite> <!-- day33.pom.PomControl1 -->
