<?xml version="1.0" encoding="UTF-8"?>
<!-- Generated by org.testng.reporters.JUnitReportReporter -->
<testsuite hostname="sys" name="day18.Xpath" tests="1" failures="0" timestamp="4 Mar 2015 04:11:52 GMT" time="13.548" errors="0">
  <testcase name="xpathTest" time="13.548" classname="day18.Xpath"/>
</testsuite> <!-- day18.Xpath -->
