<?xml version="1.0" encoding="UTF-8"?>
<!-- Generated by org.testng.reporters.JUnitReportReporter -->
<testsuite hostname="sys" name="day19.Assesment2" tests="1" failures="0" timestamp="5 Mar 2015 04:28:15 GMT" time="24.399" errors="0">
  <testcase name="webtablelinks" time="24.399" classname="day19.Assesment2"/>
</testsuite> <!-- day19.Assesment2 -->
