<?xml version="1.0" encoding="UTF-8"?>
<!-- Generated by org.testng.reporters.JUnitReportReporter -->
<testsuite hostname="sys" name="day14.WebtableTestingDynamic" tests="1" failures="0" timestamp="6 Mar 2015 04:31:07 GMT" time="20.106" errors="0">
  <testcase name="webtableTest" time="20.106" classname="day14.WebtableTestingDynamic"/>
</testsuite> <!-- day14.WebtableTestingDynamic -->
