<?xml version="1.0" encoding="UTF-8"?>
<!-- Generated by org.testng.reporters.JUnitReportReporter -->
<testsuite hostname="sys" name="day11.FramesTest" tests="1" failures="0" timestamp="21 Feb 2015 04:57:02 GMT" time="12.647" errors="0">
  <testcase name="framesTest" time="12.647" classname="day11.FramesTest"/>
</testsuite> <!-- day11.FramesTest -->
