<?xml version="1.0" encoding="UTF-8"?>
<!-- Generated by org.testng.reporters.JUnitReportReporter -->
<testsuite hostname="sys" name="day10.ExplicitWait_Webdriverwait" tests="1" failures="0" timestamp="20 Feb 2015 04:19:55 GMT" time="17.182" errors="0">
  <testcase name="waitTest" time="17.182" classname="day10.ExplicitWait_Webdriverwait"/>
</testsuite> <!-- day10.ExplicitWait_Webdriverwait -->
