<?xml version="1.0" encoding="UTF-8"?>
<!-- Generated by org.testng.reporters.JUnitReportReporter -->
<testsuite hostname="sys" name="day21.DatadrivenTesting1" tests="1" failures="0" timestamp="12 Mar 2015 04:14:29 GMT" time="43.524" errors="0">
  <testcase name="linksTest" time="43.524" classname="day21.DatadrivenTesting1"/>
</testsuite> <!-- day21.DatadrivenTesting1 -->
